<?xml version="1.0" encoding="UTF-8"?>
<!-- Generated by org.testng.reporters.JUnitReportReporter -->
<testsuite hostname="Yct201905231751" name="com.homework.v1.cases.RegisterCase" tests="6" failures="0" timestamp="21 Jun 2019 01:53:20 GMT" time="1.189" errors="0">
  <testcase name="test" time="0.140" classname="com.homework.v1.cases.RegisterCase"/>
  <testcase name="test" time="0.625" classname="com.homework.v1.cases.RegisterCase"/>
  <testcase name="test" time="0.150" classname="com.homework.v1.cases.RegisterCase"/>
  <testcase name="test" time="0.076" classname="com.homework.v1.cases.RegisterCase"/>
  <testcase name="test" time="0.117" classname="com.homework.v1.cases.RegisterCase"/>
  <testcase name="test" time="0.081" classname="com.homework.v1.cases.RegisterCase"/>
</testsuite> <!-- com.homework.v1.cases.RegisterCase -->
